<?xml version="1.0" encoding="UTF-8"?>
<!-- Generated by org.testng.reporters.JUnitReportReporter -->
<testsuite skipped="1" hostname="DESKTOP-PI0I6SN" name="API_test.herokuapp" tests="7" failures="0" timestamp="2022-03-24T11:19:10 IST" time="23.606" errors="0">
  <testcase name="login" time="13.160" classname="API_test.herokuapp"/>
  <system-out/>
  <testcase name="get_all_orders" time="3.040" classname="API_test.herokuapp"/>
  <system-out/>
  <testcase name="create_order" time="2.104" classname="API_test.herokuapp"/>
  <system-out/>
  <testcase name="update_order_by_id" time="1.667" classname="API_test.herokuapp"/>
  <system-out/>
  <testcase name="get_order_by_id" time="2.016" classname="API_test.herokuapp"/>
  <system-out/>
  <testcase name="delete" time="1.619" classname="API_test.herokuapp"/>
  <system-out/>
  <testcase name="signup" classname="API_test.herokuapp">
    <skipped/>
  </testcase> <!-- signup -->
  <system-out/>
</testsuite> <!-- API_test.herokuapp -->
